<?xml version="1.0" encoding="UTF-8"?>
<testsuite xmlns:xsi="http://www.w3.org/2001/XMLSchema-instance" xsi:noNamespaceSchemaLocation="https://maven.apache.org/surefire/maven-surefire-plugin/xsd/surefire-test-report-3.0.xsd" version="3.0" name="TestSuite" time="136.537" tests="2" errors="0" skipped="0" failures="0">
  <properties>
[...]
</properties>
  <testcase name="CP001_Agregar_Carrito_Compra_audifonos" classname="test.CasosDePruebaFalabella" time="55.719">
    <system-out><![CDATA[Audífonos Earbuds Inalámbricos Wf-C500 Verde
(1 productos)
]]></system-out>
    <system-err><![CDATA[Starting ChromeDriver 105.0.5195.52 (412c95e518836d8a7d97250d62b29c2ae6a26a85-refs/branch-heads/5195@{#853}) on port 32101
Only local connections are allowed.
Please see https://chromedriver.chromium.org/security-considerations for suggestions on keeping ChromeDriver safe.
ChromeDriver was started successfully.
[1664915776.613][WARNING]: This version of ChromeDriver has not been tested with Chrome version 106.
oct. 04, 2022 5:36:16 P. M. org.openqa.selenium.remote.ProtocolHandshake createSession
INFO: Detected dialect: W3C
]]></system-err>
  </testcase>
  <testcase name="CP001_ObtenerPlanEnLinea_RetomarSolicitud_codigoErroneo" classname="test.CasosDePruebaGoogle" time="61.457">
    <system-out><![CDATA[
Dominios
help_outline
Precio
help_outline

bci.com No disponible
bci.org No disponible
bci.net No disponible
bci.capital 50,00 $ al año
chevron_right
bci.financial 50,00 $ al año
chevron_right
bci.bargains 30,00 $ al año
chevron_right
bci.accountants 120,00 $ al año
chevron_right
bancobci.autos 15,00 $ al año
chevron_right
bciseguros.autos 15,00 $ al año
chevron_right
bciempresas.autos 15,00 $ al año
chevron_right
bcipersonas.xyz 12,00 $ al año
chevron_right
bciempresas.xyz 12,00 $ al año
chevron_right
bciempresas.com 12,00 $ al año
chevron_right
bciempresas.co 30,00 $ al año
chevron_right
bancobci.moda 30,00 $ al año
chevron_right
bciseguros.xyz 12,00 $ al año
chevron_right
bciseguros.info 12,00 $ al año
chevron_right
bcitelefono.autos 15,00 $ al año
chevron_right
bcipersonas.com 12,00 $ al año
chevron_right
bciseguros.org 12,00 $ al año
chevron_right
bciempresas.info 12,00 $ al año
chevron_right
bciseguros.co 30,00 $ al año
chevron_right
bciempresas.org 12,00 $ al año
chevron_right
bciseguros.net 12,00 $ al año
chevron_right
bcipersonas.org 12,00 $ al año
chevron_right
bcipersonas.co 30,00 $ al año
chevron_right
bcipersonas.info 12,00 $ al año
chevron_right
bcipersonas.net 12,00 $ al año
chevron_right
bancobci.capital 50,00 $ al año
chevron_right
bciempresas.net 12,00 $ al año
chevron_right
En total hay 32 dominios asociados al dominio buscado
]]></system-out>
    <system-err><![CDATA[Starting ChromeDriver 105.0.5195.52 (412c95e518836d8a7d97250d62b29c2ae6a26a85-refs/branch-heads/5195@{#853}) on port 6411
Only local connections are allowed.
Please see https://chromedriver.chromium.org/security-considerations for suggestions on keeping ChromeDriver safe.
ChromeDriver was started successfully.
[1664915843.131][WARNING]: This version of ChromeDriver has not been tested with Chrome version 106.
oct. 04, 2022 5:37:23 P. M. org.openqa.selenium.remote.ProtocolHandshake createSession
INFO: Detected dialect: W3C
]]></system-err>
  </testcase>
</testsuite>