<?xml version="1.0" encoding="UTF-8"?>
<!-- Generated by org.testng.reporters.JUnitXMLReporter -->
<testsuite ignored="0" hostname="CL-NB-650" failures="0" tests="2" name="Pruebas regresion" time="136.002" errors="0" timestamp="04 oct. 2022 20:38:30 GMT">
  <testcase classname="test.CasosDePruebaFalabella" name="CP001_Agregar_Carrito_Compra_audifonos" time="55.744"/>
  <testcase classname="test.CasosDePruebaGoogle" name="CP001_ObtenerPlanEnLinea_RetomarSolicitud_codigoErroneo" time="61.459"/>
</testsuite> <!-- Pruebas regresion -->
